<?xml version="1.0" encoding="UTF-8"?>
<!-- Generated by org.testng.reporters.JUnitReportReporter -->
<testsuite skipped="0" hostname="DESKTOP-PEI2BF3" name="com.qa.Swag.Tests.SwagLoginTest" tests="3" failures="0" timestamp="2022-05-18T10:42:31 EDT" time="13.271" errors="0">
  <testcase name="SwagLogoTest" time="3.615" classname="com.qa.Swag.Tests.SwagLoginTest"/>
  <system-out/>
  <testcase name="SwagTitleTest" time="5.938" classname="com.qa.Swag.Tests.SwagLoginTest"/>
  <system-out/>
  <testcase name="LoginTest" time="3.718" classname="com.qa.Swag.Tests.SwagLoginTest"/>
  <system-out/>
</testsuite> <!-- com.qa.Swag.Tests.SwagLoginTest -->
